Reading netlist file: "D:\CodeLab\Insight\impl\gwsynthesis\insight.vg"
Parsing netlist file "D:\CodeLab\Insight\impl\gwsynthesis\insight.vg" completed
Processing netlist completed
Reading constraint file: "D:\CodeLab\Insight\src\insight.cst"
Physical Constraint parsed completed
Running placement......
[10%] Placement Phase 0 completed
[20%] Placement Phase 1 completed
[30%] Placement Phase 2 completed
WARN  (TA1132) :  'u_clkdiv/CLKOUT.default_gen_clk' was determined to be a clock but was not created.
[50%] Placement Phase 3 completed
Running routing......
[60%] Routing Phase 0 completed
[70%] Routing Phase 1 completed
[80%] Routing Phase 2 completed
WARN  (PR1014) : Generic routing resource will be used to clock signal 'I_clk_d' by the specified constraint. And then it may lead to the excessive delay or skew
[90%] Routing Phase 3 completed
Running timing analysis......
[95%] Timing analysis completed
Placement and routing completed
Bitstream generation in progress......
Bitstream generation completed
Running power analysis......
[100%] Power analysis completed
Generate file "D:\CodeLab\Insight\impl\pnr\insight.power.html" completed
Generate file "D:\CodeLab\Insight\impl\pnr\insight.pin.html" completed
Generate file "D:\CodeLab\Insight\impl\pnr\insight.rpt.html" completed
Generate file "D:\CodeLab\Insight\impl\pnr\insight.rpt.txt" completed
Generate file "D:\CodeLab\Insight\impl\pnr\insight.tr.html" completed
Generate file "D:\CodeLab\Insight\impl\pnr\insight.tr" completed
Fri Feb  6 14:43:56 2026

